<?xml version="1.0" encoding="UTF-8"?>
<testng-results ignored="0" total="2" passed="2" failed="0" skipped="0">
  <reporter-output>
  </reporter-output>
  <suite started-at="2021-08-31T15:04:48 SELČ" name="Surefire suite" finished-at="2021-08-31T15:04:50 SELČ" duration-ms="1346">
    <groups>
    </groups>
    <test started-at="2021-08-31T15:04:48 SELČ" name="Surefire test" finished-at="2021-08-31T15:04:50 SELČ" duration-ms="1346">
      <class name="sk.tuke.mt.TestOpTest">
        <test-method signature="testGoodConfiguration()[pri:0, instance:sk.tuke.mt.TestOpTest@2925bf5b]" started-at="2021-08-31T15:04:49 SELČ" name="testGoodConfiguration" finished-at="2021-08-31T15:04:50 SELČ" duration-ms="993" status="PASS">
          <reporter-output>
          </reporter-output>
        </test-method> <!-- testGoodConfiguration -->
      </class> <!-- sk.tuke.mt.TestOpTest -->
      <class name="sk.tuke.mt.CreateOpTest">
        <test-method is-config="true" signature="setUp()[pri:0, instance:sk.tuke.mt.CreateOpTest@2aceadd4]" started-at="2021-08-31T15:04:48 SELČ" name="setUp" finished-at="2021-08-31T15:04:49 SELČ" duration-ms="297" status="PASS">
          <reporter-output>
          </reporter-output>
        </test-method> <!-- setUp -->
        <test-method signature="createUserTest()[pri:0, instance:sk.tuke.mt.CreateOpTest@2aceadd4]" started-at="2021-08-31T15:04:49 SELČ" name="createUserTest" finished-at="2021-08-31T15:04:49 SELČ" duration-ms="2" status="PASS">
          <reporter-output>
          </reporter-output>
        </test-method> <!-- createUserTest -->
      </class> <!-- sk.tuke.mt.CreateOpTest -->
    </test> <!-- Surefire test -->
  </suite> <!-- Surefire suite -->
</testng-results>
